<?xml version="1.0" encoding="UTF-8"?>
<!-- Generated by org.testng.reporters.JUnitReportReporter -->
<testsuite hostname="Mohammad-uddin" name="testSide.JoinInTest" tests="1" failures="0" timestamp="28 Oct 2020 02:31:16 GMT" time="10.808" errors="0">
  <testcase name="JoinInBiz" time="10.808" classname="testSide.JoinInTest"/>
</testsuite> <!-- testSide.JoinInTest -->
