<?xml version="1.0" encoding="UTF-8"?>
<!-- Generated by org.testng.reporters.JUnitReportReporter -->
<testsuite hostname="Mohammad-uddin" name="testSide.JoinInTeast" tests="1" failures="0" timestamp="10 Sep 2020 03:20:56 GMT" time="1.516" errors="0">
  <testcase name="JoinInTest" time="1.516" classname="testSide.JoinInTeast"/>
</testsuite> <!-- testSide.JoinInTeast -->
