<?xml version="1.0" encoding="UTF-8"?>
<!-- Generated by org.testng.reporters.JUnitReportReporter -->
<testsuite hostname="Mohammad-uddin" name="testSide.SignInTest" tests="1" failures="0" timestamp="10 Sep 2020 03:18:13 GMT" time="0.433" errors="0">
  <testcase name="SignInTest" time="0.433" classname="testSide.SignInTest"/>
</testsuite> <!-- testSide.SignInTest -->
